<?xml version="1.0" encoding="UTF-8" ?>
<testsuite failures="0" time="0.559" errors="0" skipped="0" tests="10" name="org.springframework.samples.petclinic.service.ClinicServiceJpaTests">
  <properties>
[...]
</properties>
  <testcase time="0.134" classname="org.springframework.samples.petclinic.service.ClinicServiceJpaTests" name="updatePet"/>
  <testcase time="0.217" classname="org.springframework.samples.petclinic.service.ClinicServiceJpaTests" name="getPetTypes"/>
  <testcase time="0.017" classname="org.springframework.samples.petclinic.service.ClinicServiceJpaTests" name="findPet"/>
  <testcase time="0.023" classname="org.springframework.samples.petclinic.service.ClinicServiceJpaTests" name="findVets"/>
  <testcase time="0.065" classname="org.springframework.samples.petclinic.service.ClinicServiceJpaTests" name="updateOwner"/>
  <testcase time="0.043" classname="org.springframework.samples.petclinic.service.ClinicServiceJpaTests" name="insertPet"/>
  <testcase time="0.011" classname="org.springframework.samples.petclinic.service.ClinicServiceJpaTests" name="findSingleOwner"/>
  <testcase time="0.016" classname="org.springframework.samples.petclinic.service.ClinicServiceJpaTests" name="insertOwner"/>
  <testcase time="0.015" classname="org.springframework.samples.petclinic.service.ClinicServiceJpaTests" name="insertVisit"/>
  <testcase time="0.018" classname="org.springframework.samples.petclinic.service.ClinicServiceJpaTests" name="findOwners"/>
</testsuite>